15:21:21.720 [main] INFO  org.testng.internal.Utils - [TestNG] Running:
  C:\Users\visha\eclipse-workspace\OpencartV121\master.xml

15:21:25.343 [main] INFO  testCases.TC003_LoginDDT - ***** Start TC003_LoginDDT ******
15:21:36.312 [main] INFO  testCases.TC003_LoginDDT - ***** Start TC003_LoginDDT ******
15:21:37.800 [main] INFO  testCases.TC003_LoginDDT - ***** Finished TC003_LoginDDT ******
15:21:37.805 [main] INFO  testCases.TC003_LoginDDT - ***** Start TC003_LoginDDT ******
15:21:39.433 [main] INFO  testCases.TC003_LoginDDT - ***** Finished TC003_LoginDDT ******
15:21:39.436 [main] INFO  testCases.TC003_LoginDDT - ***** Start TC003_LoginDDT ******
15:21:50.333 [main] INFO  testCases.TC003_LoginDDT - ***** Start TC003_LoginDDT ******
15:21:52.689 [main] INFO  testCases.TC003_LoginDDT - ***** Finished TC003_LoginDDT ******
15:21:52.692 [main] INFO  testCases.TC003_LoginDDT - ***** Start TC003_LoginDDT ******
15:21:54.016 [main] INFO  testCases.TC003_LoginDDT - ***** Finished TC003_LoginDDT ******
15:24:43.201 [main] INFO  org.testng.internal.Utils - [TestNG] Running:
  C:\Users\visha\eclipse-workspace\OpencartV121\master.xml

15:24:47.182 [main] INFO  testCases.TC003_LoginDDT - ***** Start TC003_LoginDDT ******
15:24:58.212 [main] INFO  testCases.TC003_LoginDDT - ***** Finished TC003_LoginDDT ******
15:24:58.212 [main] INFO  testCases.TC003_LoginDDT - ***** Start TC003_LoginDDT ******
15:24:59.651 [main] INFO  testCases.TC003_LoginDDT - ***** Finished TC003_LoginDDT ******
15:24:59.655 [main] INFO  testCases.TC003_LoginDDT - ***** Start TC003_LoginDDT ******
15:25:04.157 [main] INFO  testCases.TC003_LoginDDT - ***** Finished TC003_LoginDDT ******
15:25:04.160 [main] INFO  testCases.TC003_LoginDDT - ***** Start TC003_LoginDDT ******
15:25:16.418 [main] INFO  testCases.TC003_LoginDDT - ***** Finished TC003_LoginDDT ******
15:25:16.418 [main] INFO  testCases.TC003_LoginDDT - ***** Start TC003_LoginDDT ******
15:25:18.137 [main] INFO  testCases.TC003_LoginDDT - ***** Finished TC003_LoginDDT ******
15:25:18.140 [main] INFO  testCases.TC003_LoginDDT - ***** Start TC003_LoginDDT ******
15:25:19.577 [main] INFO  testCases.TC003_LoginDDT - ***** Finished TC003_LoginDDT ******
15:36:06.906 [main] INFO  org.testng.internal.Utils - [TestNG] Running:
  C:\Users\visha\eclipse-workspace\OpencartV121\master.xml

15:36:13.478 [main] INFO  testCases.TC003_LoginDDT - ***** Start TC003_LoginDDT ******
15:36:24.414 [main] INFO  testCases.TC003_LoginDDT - ***** Start TC003_LoginDDT ******
15:36:25.813 [main] INFO  testCases.TC003_LoginDDT - ***** Start TC003_LoginDDT ******
15:36:27.321 [main] INFO  testCases.TC003_LoginDDT - ***** Start TC003_LoginDDT ******
15:36:37.801 [main] INFO  testCases.TC003_LoginDDT - ***** Finished TC003_LoginDDT ******
15:36:37.803 [main] INFO  testCases.TC003_LoginDDT - ***** Start TC003_LoginDDT ******
15:36:39.292 [main] INFO  testCases.TC003_LoginDDT - ***** Finished TC003_LoginDDT ******
15:36:39.295 [main] INFO  testCases.TC003_LoginDDT - ***** Start TC003_LoginDDT ******
15:45:48.787 [main] INFO  org.testng.internal.Utils - [TestNG] Running:
  C:\Users\visha\eclipse-workspace\OpencartV121\master.xml

16:00:22.906 [main] INFO  org.testng.internal.Utils - [TestNG] Running:
  C:\Users\visha\eclipse-workspace\OpencartV121\master.xml

16:00:26.560 [main] INFO  testCases.TC003_LoginDDT - ***** Start TC003_LoginDDT ******
16:00:37.574 [main] INFO  testCases.TC003_LoginDDT - ***** Start TC003_LoginDDT ******
16:00:40.071 [main] INFO  testCases.TC003_LoginDDT - ***** Finished TC003_LoginDDT ******
16:00:40.076 [main] INFO  testCases.TC003_LoginDDT - ***** Start TC003_LoginDDT ******
16:00:41.577 [main] INFO  testCases.TC003_LoginDDT - ***** Start TC003_LoginDDT ******
16:00:52.431 [main] INFO  testCases.TC003_LoginDDT - ***** Finished TC003_LoginDDT ******
16:00:52.431 [main] INFO  testCases.TC003_LoginDDT - ***** Start TC003_LoginDDT ******
16:00:53.953 [main] INFO  testCases.TC003_LoginDDT - ***** Finished TC003_LoginDDT ******
16:13:13.492 [main] INFO  org.testng.internal.Utils - [TestNG] Running:
  C:\Users\visha\eclipse-workspace\OpencartV121\master.xml

16:14:15.343 [main] INFO  org.testng.internal.Utils - [TestNG] Running:
  C:\Users\visha\eclipse-workspace\OpencartV121\master.xml

16:14:18.577 [main] INFO  testCases.TC003_LoginDDT - ***** Start TC003_LoginDDT ******
16:14:29.575 [main] INFO  testCases.TC003_LoginDDT - ***** Start TC003_LoginDDT ******
16:14:31.076 [main] INFO  testCases.TC003_LoginDDT - ***** Finished TC003_LoginDDT ******
16:14:31.080 [main] INFO  testCases.TC003_LoginDDT - ***** Start TC003_LoginDDT ******
16:14:32.644 [main] INFO  testCases.TC003_LoginDDT - ***** Start TC003_LoginDDT ******
16:14:43.535 [main] INFO  testCases.TC003_LoginDDT - ***** Finished TC003_LoginDDT ******
16:14:43.544 [main] INFO  testCases.TC003_LoginDDT - ***** Start TC003_LoginDDT ******
16:14:45.039 [main] INFO  testCases.TC003_LoginDDT - ***** Finished TC003_LoginDDT ******
16:19:47.210 [main] INFO  org.testng.internal.Utils - [TestNG] Running:
  C:\Users\visha\eclipse-workspace\OpencartV121\master.xml

16:21:42.377 [main] INFO  org.testng.internal.Utils - [TestNG] Running:
  C:\Users\visha\eclipse-workspace\OpencartV121\master.xml

16:28:22.419 [main] INFO  org.testng.internal.Utils - [TestNG] Running:
  C:\Users\visha\eclipse-workspace\OpencartV121\master.xml

16:28:26.105 [main] INFO  testCases.TC003_LoginDDT - ***** Start TC003_LoginDDT ******
16:28:37.100 [main] INFO  testCases.TC003_LoginDDT - ***** Finished TC003_LoginDDT ******
16:28:37.109 [main] INFO  testCases.TC003_LoginDDT - ***** Start TC003_LoginDDT ******
16:28:38.607 [main] INFO  testCases.TC003_LoginDDT - ***** Finished TC003_LoginDDT ******
16:28:38.610 [main] INFO  testCases.TC003_LoginDDT - ***** Start TC003_LoginDDT ******
16:28:40.081 [main] INFO  testCases.TC003_LoginDDT - ***** Finished TC003_LoginDDT ******
16:28:40.084 [main] INFO  testCases.TC003_LoginDDT - ***** Start TC003_LoginDDT ******
16:28:51.331 [main] INFO  testCases.TC003_LoginDDT - ***** Finished TC003_LoginDDT ******
16:28:51.333 [main] INFO  testCases.TC003_LoginDDT - ***** Start TC003_LoginDDT ******
16:28:52.715 [main] INFO  testCases.TC003_LoginDDT - ***** Finished TC003_LoginDDT ******
16:36:14.148 [main] INFO  org.testng.internal.Utils - [TestNG] Running:
  C:\Users\visha\eclipse-workspace\OpencartV121\master.xml

16:36:22.062 [main] INFO  testCases.TC003_LoginDDT - ***** Start TC003_LoginDDT ******
16:36:33.155 [main] INFO  testCases.TC003_LoginDDT - ***** Finished TC003_LoginDDT ******
16:36:33.158 [main] INFO  testCases.TC003_LoginDDT - ***** Start TC003_LoginDDT ******
16:36:34.565 [main] INFO  testCases.TC003_LoginDDT - ***** Finished TC003_LoginDDT ******
16:36:34.571 [main] INFO  testCases.TC003_LoginDDT - ***** Start TC003_LoginDDT ******
16:36:36.801 [main] INFO  testCases.TC003_LoginDDT - ***** Finished TC003_LoginDDT ******
16:36:36.808 [main] INFO  testCases.TC003_LoginDDT - ***** Start TC003_LoginDDT ******
16:36:47.696 [main] INFO  testCases.TC003_LoginDDT - ***** Finished TC003_LoginDDT ******
16:36:47.698 [main] INFO  testCases.TC003_LoginDDT - ***** Start TC003_LoginDDT ******
16:36:49.727 [main] INFO  testCases.TC003_LoginDDT - ***** Finished TC003_LoginDDT ******
16:39:09.895 [main] INFO  org.testng.internal.Utils - [TestNG] Running:
  C:\Users\visha\eclipse-workspace\OpencartV121\master.xml

16:39:13.406 [main] INFO  testCases.TC003_LoginDDT - ***** Start TC003_LoginDDT ******
16:39:24.308 [main] INFO  testCases.TC003_LoginDDT - ***** Finished TC003_LoginDDT ******
16:39:24.312 [main] INFO  testCases.TC003_LoginDDT - ***** Start TC003_LoginDDT ******
16:39:25.728 [main] INFO  testCases.TC003_LoginDDT - ***** Finished TC003_LoginDDT ******
16:39:25.732 [main] INFO  testCases.TC003_LoginDDT - ***** Start TC003_LoginDDT ******
16:39:27.189 [main] INFO  testCases.TC003_LoginDDT - ***** Finished TC003_LoginDDT ******
16:39:27.192 [main] INFO  testCases.TC003_LoginDDT - ***** Start TC003_LoginDDT ******
16:39:38.179 [main] INFO  testCases.TC003_LoginDDT - ***** Finished TC003_LoginDDT ******
16:39:38.182 [main] INFO  testCases.TC003_LoginDDT - ***** Start TC003_LoginDDT ******
16:39:39.752 [main] INFO  testCases.TC003_LoginDDT - ***** Finished TC003_LoginDDT ******
16:39:39.756 [main] INFO  testCases.TC003_LoginDDT - ***** Start TC003_LoginDDT ******
16:39:41.224 [main] INFO  testCases.TC003_LoginDDT - ***** Finished TC003_LoginDDT ******
16:39:41.231 [main] INFO  testCases.TC003_LoginDDT - ***** Start TC003_LoginDDT ******
16:41:02.260 [main] INFO  org.testng.internal.Utils - [TestNG] Running:
  C:\Users\visha\eclipse-workspace\OpencartV121\master.xml

16:41:06.641 [main] INFO  testCases.TC003_LoginDDT - ***** Start TC003_LoginDDT ******
16:41:17.663 [main] INFO  testCases.TC003_LoginDDT - ***** Finished TC003_LoginDDT ******
16:41:17.667 [main] INFO  testCases.TC003_LoginDDT - ***** Start TC003_LoginDDT ******
16:41:19.395 [main] INFO  testCases.TC003_LoginDDT - ***** Finished TC003_LoginDDT ******
16:41:19.400 [main] INFO  testCases.TC003_LoginDDT - ***** Start TC003_LoginDDT ******
16:41:21.517 [main] INFO  testCases.TC003_LoginDDT - ***** Finished TC003_LoginDDT ******
16:41:21.519 [main] INFO  testCases.TC003_LoginDDT - ***** Start TC003_LoginDDT ******
16:41:32.374 [main] INFO  testCases.TC003_LoginDDT - ***** Finished TC003_LoginDDT ******
16:41:32.377 [main] INFO  testCases.TC003_LoginDDT - ***** Start TC003_LoginDDT ******
16:41:34.065 [main] INFO  testCases.TC003_LoginDDT - ***** Finished TC003_LoginDDT ******
16:41:34.068 [main] INFO  testCases.TC003_LoginDDT - ***** Start TC003_LoginDDT ******
16:41:35.627 [main] INFO  testCases.TC003_LoginDDT - ***** Finished TC003_LoginDDT ******
16:41:35.632 [main] INFO  testCases.TC003_LoginDDT - ***** Start TC003_LoginDDT ******
16:41:46.810 [main] INFO  testCases.TC003_LoginDDT - ***** Finished TC003_LoginDDT ******
17:00:47.182 [main] INFO  org.testng.internal.Utils - [TestNG] Running:
  C:\Users\visha\eclipse-workspace\OpencartV121\grouping.xml

17:00:50.013 [main] INFO  testCases.TC001_AccountRegistrationTest - ***** Starting TC001_AccountRegistrationTest *****
17:00:50.117 [main] INFO  testCases.TC001_AccountRegistrationTest - Clicked on MyAccount Link 
17:00:50.455 [main] INFO  testCases.TC001_AccountRegistrationTest - Clicked on Register Link 
17:00:50.457 [main] INFO  testCases.TC001_AccountRegistrationTest - Providing customer details....
17:00:51.466 [main] INFO  testCases.TC001_AccountRegistrationTest - Validation expected message...
17:00:51.502 [main] INFO  testCases.TC001_AccountRegistrationTest - ***** Finished TC001_AccountRegistrationTest *****
17:00:53.691 [main] INFO  testCases.TC002_LoginTest - ***** Starting TC_002_LoginTest *****
17:00:54.777 [main] INFO  testCases.TC002_LoginTest - ***** Finished TC_002_LoginTest *****
17:02:19.803 [main] INFO  org.testng.internal.Utils - [TestNG] Running:
  C:\Users\visha\eclipse-workspace\OpencartV121\grouping.xml

17:02:22.982 [main] INFO  testCases.TC001_AccountRegistrationTest - ***** Starting TC001_AccountRegistrationTest *****
17:02:23.094 [main] INFO  testCases.TC001_AccountRegistrationTest - Clicked on MyAccount Link 
17:02:23.446 [main] INFO  testCases.TC001_AccountRegistrationTest - Clicked on Register Link 
17:02:23.449 [main] INFO  testCases.TC001_AccountRegistrationTest - Providing customer details....
17:02:25.397 [main] INFO  testCases.TC001_AccountRegistrationTest - Validation expected message...
17:02:25.420 [main] INFO  testCases.TC001_AccountRegistrationTest - ***** Finished TC001_AccountRegistrationTest *****
17:02:27.616 [main] INFO  testCases.TC002_LoginTest - ***** Starting TC_002_LoginTest *****
17:02:28.826 [main] INFO  testCases.TC002_LoginTest - ***** Finished TC_002_LoginTest *****
17:03:08.730 [main] INFO  org.testng.internal.Utils - [TestNG] Running:
  C:\Users\visha\eclipse-workspace\OpencartV121\grouping.xml

17:03:11.374 [main] INFO  testCases.TC001_AccountRegistrationTest - ***** Starting TC001_AccountRegistrationTest *****
17:03:11.490 [main] INFO  testCases.TC001_AccountRegistrationTest - Clicked on MyAccount Link 
17:03:11.872 [main] INFO  testCases.TC001_AccountRegistrationTest - Clicked on Register Link 
17:03:11.874 [main] INFO  testCases.TC001_AccountRegistrationTest - Providing customer details....
17:03:12.823 [main] INFO  testCases.TC001_AccountRegistrationTest - Validation expected message...
17:03:12.857 [main] INFO  testCases.TC001_AccountRegistrationTest - ***** Finished TC001_AccountRegistrationTest *****
17:03:15.226 [main] INFO  testCases.TC002_LoginTest - ***** Starting TC_002_LoginTest *****
17:03:16.392 [main] INFO  testCases.TC002_LoginTest - ***** Finished TC_002_LoginTest *****
17:04:01.000 [main] INFO  org.testng.internal.Utils - [TestNG] Running:
  C:\Users\visha\eclipse-workspace\OpencartV121\grouping.xml

17:06:50.620 [main] INFO  org.testng.internal.Utils - [TestNG] Running:
  C:\Users\visha\eclipse-workspace\OpencartV121\grouping.xml

17:06:53.547 [main] INFO  testCases.TC002_LoginTest - ***** Starting TC_002_LoginTest *****
17:06:54.689 [main] INFO  testCases.TC002_LoginTest - ***** Finished TC_002_LoginTest *****
12:48:10.478 [main] INFO  org.testng.internal.Utils - [TestNG] Running:
  C:\Users\visha\eclipse-workspace\OpencartV121\grouping.xml

12:48:42.452 [main] INFO  testCases.TC001_AccountRegistrationTest - ***** Starting TC001_AccountRegistrationTest *****
12:48:42.555 [main] INFO  testCases.TC001_AccountRegistrationTest - Clicked on MyAccount Link 
12:48:42.984 [main] INFO  testCases.TC001_AccountRegistrationTest - Clicked on Register Link 
12:48:42.986 [main] INFO  testCases.TC001_AccountRegistrationTest - Providing customer details....
12:48:44.376 [main] INFO  testCases.TC001_AccountRegistrationTest - Validation expected message...
12:48:44.406 [main] INFO  testCases.TC001_AccountRegistrationTest - ***** Finished TC001_AccountRegistrationTest *****
12:49:04.310 [main] INFO  testCases.TC002_LoginTest - ***** Starting TC_002_LoginTest *****
12:49:05.598 [main] INFO  testCases.TC002_LoginTest - ***** Finished TC_002_LoginTest *****
12:52:32.879 [main] INFO  org.testng.internal.Utils - [TestNG] Running:
  C:\Users\visha\eclipse-workspace\OpencartV121\grouping.xml

12:52:35.834 [main] INFO  testCases.TC001_AccountRegistrationTest - ***** Starting TC001_AccountRegistrationTest *****
12:52:35.928 [main] INFO  testCases.TC001_AccountRegistrationTest - Clicked on MyAccount Link 
12:52:36.261 [main] INFO  testCases.TC001_AccountRegistrationTest - Clicked on Register Link 
12:52:36.263 [main] INFO  testCases.TC001_AccountRegistrationTest - Providing customer details....
12:52:37.429 [main] INFO  testCases.TC001_AccountRegistrationTest - Validation expected message...
12:52:37.459 [main] INFO  testCases.TC001_AccountRegistrationTest - ***** Finished TC001_AccountRegistrationTest *****
12:52:39.727 [main] INFO  testCases.TC002_LoginTest - ***** Starting TC_002_LoginTest *****
12:52:40.777 [main] INFO  testCases.TC002_LoginTest - ***** Finished TC_002_LoginTest *****
12:53:59.438 [main] INFO  org.testng.internal.Utils - [TestNG] Running:
  C:\Users\visha\eclipse-workspace\OpencartV121\crossbrowsertessting.xml

12:54:02.760 [TestNG-tests-1] INFO  testCases.TC001_AccountRegistrationTest - ***** Starting TC001_AccountRegistrationTest *****
12:54:04.736 [TestNG-tests-3] INFO  testCases.TC001_AccountRegistrationTest - ***** Starting TC001_AccountRegistrationTest *****
12:54:04.990 [TestNG-tests-1] INFO  testCases.TC001_AccountRegistrationTest - Clicked on MyAccount Link 
12:54:05.207 [TestNG-tests-3] INFO  testCases.TC001_AccountRegistrationTest - Clicked on MyAccount Link 
12:54:21.791 [TestNG-tests-2] INFO  testCases.TC001_AccountRegistrationTest - ***** Starting TC001_AccountRegistrationTest *****
12:54:21.858 [TestNG-tests-2] INFO  testCases.TC001_AccountRegistrationTest - Clicked on MyAccount Link 
12:54:22.261 [TestNG-tests-2] INFO  testCases.TC001_AccountRegistrationTest - Clicked on Register Link 
12:54:22.264 [TestNG-tests-2] INFO  testCases.TC001_AccountRegistrationTest - Providing customer details....
12:54:23.306 [TestNG-tests-2] INFO  testCases.TC001_AccountRegistrationTest - Validation expected message...
12:54:23.344 [TestNG-tests-2] INFO  testCases.TC001_AccountRegistrationTest - ***** Finished TC001_AccountRegistrationTest *****
12:54:35.433 [main] INFO  org.testng.internal.Utils - [TestNG] Running:
  C:\Users\visha\eclipse-workspace\OpencartV121\crossbrowsertessting.xml

12:54:38.689 [TestNG-tests-1] INFO  testCases.TC001_AccountRegistrationTest - ***** Starting TC001_AccountRegistrationTest *****
12:54:38.688 [TestNG-tests-2] INFO  testCases.TC001_AccountRegistrationTest - ***** Starting TC001_AccountRegistrationTest *****
12:54:38.854 [TestNG-tests-1] INFO  testCases.TC001_AccountRegistrationTest - Clicked on MyAccount Link 
12:54:39.003 [TestNG-tests-2] INFO  testCases.TC001_AccountRegistrationTest - Clicked on MyAccount Link 
12:56:06.963 [main] INFO  org.testng.internal.Utils - [TestNG] Running:
  C:\Users\visha\eclipse-workspace\OpencartV121\crossbrowsertessting.xml

12:56:12.156 [TestNG-tests-3] INFO  testCases.TC001_AccountRegistrationTest - ***** Starting TC001_AccountRegistrationTest *****
12:56:12.156 [TestNG-tests-2] INFO  testCases.TC001_AccountRegistrationTest - ***** Starting TC001_AccountRegistrationTest *****
12:56:12.156 [TestNG-tests-1] INFO  testCases.TC001_AccountRegistrationTest - ***** Starting TC001_AccountRegistrationTest *****
12:56:12.438 [TestNG-tests-2] INFO  testCases.TC001_AccountRegistrationTest - Clicked on MyAccount Link 
12:56:12.675 [TestNG-tests-3] INFO  testCases.TC001_AccountRegistrationTest - Clicked on MyAccount Link 
12:56:12.889 [TestNG-tests-1] INFO  testCases.TC001_AccountRegistrationTest - Clicked on MyAccount Link 
12:56:13.211 [TestNG-tests-2] INFO  testCases.TC001_AccountRegistrationTest - Clicked on Register Link 
12:56:13.214 [TestNG-tests-2] INFO  testCases.TC001_AccountRegistrationTest - Providing customer details....
12:57:18.620 [main] INFO  org.testng.internal.Utils - [TestNG] Running:
  C:\Users\visha\eclipse-workspace\OpencartV121\master.xml

12:57:22.408 [main] INFO  testCases.TC003_LoginDDT - ***** Start TC003_LoginDDT ******
12:57:33.369 [main] INFO  testCases.TC003_LoginDDT - ***** Finished TC003_LoginDDT ******
12:57:33.382 [main] INFO  testCases.TC003_LoginDDT - ***** Start TC003_LoginDDT ******
12:57:35.116 [main] INFO  testCases.TC003_LoginDDT - ***** Finished TC003_LoginDDT ******
12:57:35.125 [main] INFO  testCases.TC003_LoginDDT - ***** Start TC003_LoginDDT ******
12:57:36.561 [main] INFO  testCases.TC003_LoginDDT - ***** Finished TC003_LoginDDT ******
12:57:36.569 [main] INFO  testCases.TC003_LoginDDT - ***** Start TC003_LoginDDT ******
12:57:47.498 [main] INFO  testCases.TC003_LoginDDT - ***** Finished TC003_LoginDDT ******
12:57:47.501 [main] INFO  testCases.TC003_LoginDDT - ***** Start TC003_LoginDDT ******
12:57:49.202 [main] INFO  testCases.TC003_LoginDDT - ***** Finished TC003_LoginDDT ******
12:57:49.212 [main] INFO  testCases.TC003_LoginDDT - ***** Start TC003_LoginDDT ******
12:57:50.633 [main] INFO  testCases.TC003_LoginDDT - ***** Finished TC003_LoginDDT ******
12:57:50.636 [main] INFO  testCases.TC003_LoginDDT - ***** Start TC003_LoginDDT ******
12:58:01.545 [main] INFO  testCases.TC003_LoginDDT - ***** Finished TC003_LoginDDT ******
12:59:29.946 [main] INFO  org.testng.internal.Utils - [TestNG] Running:
  C:\Users\visha\eclipse-workspace\OpencartV121\grouping.xml

12:59:32.942 [main] INFO  testCases.TC001_AccountRegistrationTest - ***** Starting TC001_AccountRegistrationTest *****
12:59:33.045 [main] INFO  testCases.TC001_AccountRegistrationTest - Clicked on MyAccount Link 
12:59:33.397 [main] INFO  testCases.TC001_AccountRegistrationTest - Clicked on Register Link 
12:59:33.399 [main] INFO  testCases.TC001_AccountRegistrationTest - Providing customer details....
12:59:34.661 [main] INFO  testCases.TC001_AccountRegistrationTest - Validation expected message...
12:59:34.690 [main] INFO  testCases.TC001_AccountRegistrationTest - ***** Finished TC001_AccountRegistrationTest *****
13:00:13.351 [main] INFO  org.testng.internal.Utils - [TestNG] Running:
  C:\Users\visha\eclipse-workspace\OpencartV121\grouping.xml

13:00:16.089 [main] INFO  testCases.TC001_AccountRegistrationTest - ***** Starting TC001_AccountRegistrationTest *****
13:00:16.174 [main] INFO  testCases.TC001_AccountRegistrationTest - Clicked on MyAccount Link 
13:00:16.548 [main] INFO  testCases.TC001_AccountRegistrationTest - Clicked on Register Link 
13:00:16.549 [main] INFO  testCases.TC001_AccountRegistrationTest - Providing customer details....
13:00:17.882 [main] INFO  testCases.TC001_AccountRegistrationTest - Validation expected message...
13:00:17.913 [main] INFO  testCases.TC001_AccountRegistrationTest - ***** Finished TC001_AccountRegistrationTest *****
13:00:20.077 [main] INFO  testCases.TC002_LoginTest - ***** Starting TC_002_LoginTest *****
13:03:58.002 [main] INFO  org.testng.internal.Utils - [TestNG] Running:
  C:\Users\visha\eclipse-workspace\OpencartV121\grouping.xml

13:04:01.718 [main] INFO  testCases.TC001_AccountRegistrationTest - ***** Starting TC001_AccountRegistrationTest *****
13:04:01.811 [main] INFO  testCases.TC001_AccountRegistrationTest - Clicked on MyAccount Link 
13:04:02.269 [main] INFO  testCases.TC001_AccountRegistrationTest - Clicked on Register Link 
13:04:02.271 [main] INFO  testCases.TC001_AccountRegistrationTest - Providing customer details....
13:04:03.328 [main] INFO  testCases.TC001_AccountRegistrationTest - Validation expected message...
13:04:03.365 [main] INFO  testCases.TC001_AccountRegistrationTest - ***** Finished TC001_AccountRegistrationTest *****
13:04:05.743 [main] INFO  testCases.TC002_LoginTest - ***** Starting TC_002_LoginTest *****
13:04:07.210 [main] INFO  testCases.TC002_LoginTest - ***** Finished TC_002_LoginTest *****
14:41:07.688 [main] INFO  org.testng.internal.Utils - [TestNG] Running:
  C:\Users\visha\eclipse-workspace\OpencartV121\grouping.xml

14:41:11.693 [main] INFO  testCases.TC001_AccountRegistrationTest - ***** Starting TC001_AccountRegistrationTest *****
14:41:11.811 [main] INFO  testCases.TC001_AccountRegistrationTest - Clicked on MyAccount Link 
14:41:12.243 [main] INFO  testCases.TC001_AccountRegistrationTest - Clicked on Register Link 
14:41:12.245 [main] INFO  testCases.TC001_AccountRegistrationTest - Providing customer details....
14:41:13.274 [main] INFO  testCases.TC001_AccountRegistrationTest - Validation expected message...
14:41:13.304 [main] INFO  testCases.TC001_AccountRegistrationTest - ***** Finished TC001_AccountRegistrationTest *****
14:41:15.730 [main] INFO  testCases.TC002_LoginTest - ***** Starting TC_002_LoginTest *****
14:41:16.806 [main] INFO  testCases.TC002_LoginTest - ***** Finished TC_002_LoginTest *****
17:06:42.282 [main] INFO  org.testng.internal.Utils - [TestNG] Running:
  C:\Users\visha\eclipse-workspace\OpencartV121\grouping.xml

17:06:49.568 [main] INFO  testCases.TC001_AccountRegistrationTest - ***** Starting TC001_AccountRegistrationTest *****
17:06:49.700 [main] INFO  testCases.TC001_AccountRegistrationTest - Clicked on MyAccount Link 
17:06:50.393 [main] INFO  testCases.TC001_AccountRegistrationTest - Clicked on Register Link 
17:06:50.394 [main] INFO  testCases.TC001_AccountRegistrationTest - Providing customer details....
17:06:51.433 [main] INFO  testCases.TC001_AccountRegistrationTest - Validation expected message...
17:06:51.471 [main] INFO  testCases.TC001_AccountRegistrationTest - ***** Finished TC001_AccountRegistrationTest *****
17:06:54.021 [main] INFO  testCases.TC002_LoginTest - ***** Starting TC_002_LoginTest *****
17:06:55.272 [main] INFO  testCases.TC002_LoginTest - ***** Finished TC_002_LoginTest *****
17:09:18.398 [main] INFO  org.testng.internal.Utils - [TestNG] Running:
  C:\Users\visha\eclipse-workspace\OpencartV121\grouping.xml

17:09:21.244 [main] INFO  testCases.TC001_AccountRegistrationTest - ***** Starting TC001_AccountRegistrationTest *****
17:09:21.355 [main] INFO  testCases.TC001_AccountRegistrationTest - Clicked on MyAccount Link 
17:09:21.707 [main] INFO  testCases.TC001_AccountRegistrationTest - Clicked on Register Link 
17:09:21.709 [main] INFO  testCases.TC001_AccountRegistrationTest - Providing customer details....
17:09:22.912 [main] INFO  testCases.TC001_AccountRegistrationTest - Validation expected message...
17:09:22.947 [main] INFO  testCases.TC001_AccountRegistrationTest - ***** Finished TC001_AccountRegistrationTest *****
17:11:12.927 [main] INFO  org.testng.internal.Utils - [TestNG] Running:
  C:\Users\visha\eclipse-workspace\OpencartV121\grouping.xml

17:11:15.747 [main] INFO  testCases.TC001_AccountRegistrationTest - ***** Starting TC001_AccountRegistrationTest *****
17:11:15.849 [main] INFO  testCases.TC001_AccountRegistrationTest - Clicked on MyAccount Link 
17:11:16.195 [main] INFO  testCases.TC001_AccountRegistrationTest - Clicked on Register Link 
17:11:16.197 [main] INFO  testCases.TC001_AccountRegistrationTest - Providing customer details....
17:11:17.272 [main] INFO  testCases.TC001_AccountRegistrationTest - Validation expected message...
17:11:17.323 [main] INFO  testCases.TC001_AccountRegistrationTest - ***** Finished TC001_AccountRegistrationTest *****
17:11:20.645 [main] INFO  testCases.TC002_LoginTest - ***** Starting TC_002_LoginTest *****
17:11:21.810 [main] INFO  testCases.TC002_LoginTest - ***** Finished TC_002_LoginTest *****
17:13:04.307 [main] INFO  org.testng.internal.Utils - [TestNG] Running:
  C:\Users\visha\eclipse-workspace\OpencartV121\crossbrowsertessting.xml

17:13:04.485 [TestNG-tests-3] INFO  testCases.TC001_AccountRegistrationTest - ***** Starting TC001_AccountRegistrationTest *****
17:13:07.500 [TestNG-tests-1] INFO  testCases.TC001_AccountRegistrationTest - ***** Starting TC001_AccountRegistrationTest *****
17:13:07.620 [TestNG-tests-1] INFO  testCases.TC001_AccountRegistrationTest - Clicked on MyAccount Link 
17:13:08.128 [TestNG-tests-1] INFO  testCases.TC001_AccountRegistrationTest - Clicked on Register Link 
17:13:08.134 [TestNG-tests-1] INFO  testCases.TC001_AccountRegistrationTest - Providing customer details....
17:13:09.378 [TestNG-tests-1] INFO  testCases.TC001_AccountRegistrationTest - Validation expected message...
17:13:09.417 [TestNG-tests-1] INFO  testCases.TC001_AccountRegistrationTest - ***** Finished TC001_AccountRegistrationTest *****
17:14:51.463 [main] INFO  org.testng.internal.Utils - [TestNG] Running:
  C:\Users\visha\eclipse-workspace\OpencartV121\crossbrowsertessting.xml

17:14:54.309 [TestNG-tests-1] INFO  testCases.TC001_AccountRegistrationTest - ***** Starting TC001_AccountRegistrationTest *****
17:14:54.716 [TestNG-tests-1] INFO  testCases.TC001_AccountRegistrationTest - Clicked on MyAccount Link 
17:14:55.213 [TestNG-tests-1] INFO  testCases.TC001_AccountRegistrationTest - Clicked on Register Link 
17:14:55.219 [TestNG-tests-1] INFO  testCases.TC001_AccountRegistrationTest - Providing customer details....
17:15:06.742 [TestNG-tests-2] INFO  testCases.TC001_AccountRegistrationTest - ***** Starting TC001_AccountRegistrationTest *****
17:15:06.742 [TestNG-tests-3] INFO  testCases.TC001_AccountRegistrationTest - ***** Starting TC001_AccountRegistrationTest *****
17:15:06.983 [TestNG-tests-2] INFO  testCases.TC001_AccountRegistrationTest - Clicked on MyAccount Link 
17:15:07.191 [TestNG-tests-3] INFO  testCases.TC001_AccountRegistrationTest - Clicked on MyAccount Link 
17:15:24.845 [main] INFO  org.testng.internal.Utils - [TestNG] Running:
  C:\Users\visha\eclipse-workspace\OpencartV121\crossbrowsertessting.xml

17:15:27.631 [TestNG-tests-1] INFO  testCases.TC001_AccountRegistrationTest - ***** Starting TC001_AccountRegistrationTest *****
17:15:28.021 [TestNG-tests-1] INFO  testCases.TC001_AccountRegistrationTest - Clicked on MyAccount Link 
17:15:28.572 [TestNG-tests-1] INFO  testCases.TC001_AccountRegistrationTest - Clicked on Register Link 
17:15:28.577 [TestNG-tests-1] INFO  testCases.TC001_AccountRegistrationTest - Providing customer details....
17:15:39.992 [TestNG-tests-2] INFO  testCases.TC001_AccountRegistrationTest - ***** Starting TC001_AccountRegistrationTest *****
17:15:39.992 [TestNG-tests-3] INFO  testCases.TC001_AccountRegistrationTest - ***** Starting TC001_AccountRegistrationTest *****
17:15:40.242 [TestNG-tests-2] INFO  testCases.TC001_AccountRegistrationTest - Clicked on MyAccount Link 
17:15:40.456 [TestNG-tests-3] INFO  testCases.TC001_AccountRegistrationTest - Clicked on MyAccount Link 
17:16:31.166 [main] INFO  org.testng.internal.Utils - [TestNG] Running:
  C:\Users\visha\eclipse-workspace\OpencartV121\crossbrowsertessting.xml

17:16:34.078 [TestNG-tests-1] INFO  testCases.TC001_AccountRegistrationTest - ***** Starting TC001_AccountRegistrationTest *****
17:16:34.530 [TestNG-tests-1] INFO  testCases.TC001_AccountRegistrationTest - Clicked on MyAccount Link 
17:16:35.028 [TestNG-tests-1] INFO  testCases.TC001_AccountRegistrationTest - Clicked on Register Link 
17:16:35.030 [TestNG-tests-1] INFO  testCases.TC001_AccountRegistrationTest - Providing customer details....
17:16:46.479 [TestNG-tests-2] INFO  testCases.TC001_AccountRegistrationTest - ***** Starting TC001_AccountRegistrationTest *****
17:16:46.480 [TestNG-tests-3] INFO  testCases.TC001_AccountRegistrationTest - ***** Starting TC001_AccountRegistrationTest *****
17:16:46.754 [TestNG-tests-2] INFO  testCases.TC001_AccountRegistrationTest - Clicked on MyAccount Link 
17:16:46.971 [TestNG-tests-3] INFO  testCases.TC001_AccountRegistrationTest - Clicked on MyAccount Link 
17:18:25.900 [main] INFO  org.testng.internal.Utils - [TestNG] Running:
  C:\Users\visha\eclipse-workspace\OpencartV121\grouping.xml

17:18:28.721 [main] INFO  testCases.TC001_AccountRegistrationTest - ***** Starting TC001_AccountRegistrationTest *****
17:18:28.815 [main] INFO  testCases.TC001_AccountRegistrationTest - Clicked on MyAccount Link 
17:18:29.205 [main] INFO  testCases.TC001_AccountRegistrationTest - Clicked on Register Link 
17:18:29.206 [main] INFO  testCases.TC001_AccountRegistrationTest - Providing customer details....
17:18:30.275 [main] INFO  testCases.TC001_AccountRegistrationTest - Validation expected message...
17:18:30.306 [main] INFO  testCases.TC001_AccountRegistrationTest - ***** Finished TC001_AccountRegistrationTest *****
17:18:32.606 [main] INFO  testCases.TC002_LoginTest - ***** Starting TC_002_LoginTest *****
17:18:33.750 [main] INFO  testCases.TC002_LoginTest - ***** Finished TC_002_LoginTest *****
17:19:05.693 [main] INFO  org.testng.internal.Utils - [TestNG] Running:
  C:\Users\visha\eclipse-workspace\OpencartV121\grouping.xml

17:19:08.407 [main] INFO  testCases.TC001_AccountRegistrationTest - ***** Starting TC001_AccountRegistrationTest *****
17:19:08.521 [main] INFO  testCases.TC001_AccountRegistrationTest - Clicked on MyAccount Link 
17:19:08.870 [main] INFO  testCases.TC001_AccountRegistrationTest - Clicked on Register Link 
17:19:08.872 [main] INFO  testCases.TC001_AccountRegistrationTest - Providing customer details....
17:19:09.872 [main] INFO  testCases.TC001_AccountRegistrationTest - Validation expected message...
17:19:09.919 [main] INFO  testCases.TC001_AccountRegistrationTest - ***** Finished TC001_AccountRegistrationTest *****
17:19:12.413 [main] INFO  testCases.TC002_LoginTest - ***** Starting TC_002_LoginTest *****
17:19:13.561 [main] INFO  testCases.TC002_LoginTest - ***** Finished TC_002_LoginTest *****
01:13:45.045 [main] INFO  org.testng.internal.Utils - [TestNG] Running:
  C:\Users\visha\eclipse-workspace\OpencartV121\grid-docker.xml

01:13:53.483 [main] INFO  testCases.TC001_AccountRegistrationTest - ***** Starting TC001_AccountRegistrationTest *****
01:13:53.578 [main] INFO  testCases.TC001_AccountRegistrationTest - Clicked on MyAccount Link 
01:13:53.920 [main] INFO  testCases.TC001_AccountRegistrationTest - Clicked on Register Link 
01:13:53.922 [main] INFO  testCases.TC001_AccountRegistrationTest - Providing customer details....
01:13:54.906 [main] INFO  testCases.TC001_AccountRegistrationTest - Validation expected message...
01:13:54.939 [main] INFO  testCases.TC001_AccountRegistrationTest - ***** Finished TC001_AccountRegistrationTest *****
01:13:57.215 [main] INFO  testCases.TC002_LoginTest - ***** Starting TC_002_LoginTest *****
01:13:58.514 [main] INFO  testCases.TC002_LoginTest - ***** Finished TC_002_LoginTest *****
01:14:09.908 [main] INFO  org.testng.internal.Utils - [TestNG] Running:
  C:\Users\visha\eclipse-workspace\OpencartV121\grid-docker.xml

01:14:12.558 [main] INFO  testCases.TC001_AccountRegistrationTest - ***** Starting TC001_AccountRegistrationTest *****
01:14:12.656 [main] INFO  testCases.TC001_AccountRegistrationTest - Clicked on MyAccount Link 
01:14:13.004 [main] INFO  testCases.TC001_AccountRegistrationTest - Clicked on Register Link 
01:14:13.006 [main] INFO  testCases.TC001_AccountRegistrationTest - Providing customer details....
01:14:14.417 [main] INFO  testCases.TC001_AccountRegistrationTest - Validation expected message...
01:14:14.453 [main] INFO  testCases.TC001_AccountRegistrationTest - ***** Finished TC001_AccountRegistrationTest *****
01:14:17.176 [main] INFO  testCases.TC002_LoginTest - ***** Starting TC_002_LoginTest *****
01:14:18.342 [main] INFO  testCases.TC002_LoginTest - ***** Finished TC_002_LoginTest *****
01:15:19.863 [main] INFO  org.testng.internal.Utils - [TestNG] Running:
  C:\Users\visha\eclipse-workspace\OpencartV121\grid-docker.xml

01:15:22.537 [main] INFO  testCases.TC001_AccountRegistrationTest - ***** Starting TC001_AccountRegistrationTest *****
01:15:22.629 [main] INFO  testCases.TC001_AccountRegistrationTest - Clicked on MyAccount Link 
01:15:22.988 [main] INFO  testCases.TC001_AccountRegistrationTest - Clicked on Register Link 
01:15:22.990 [main] INFO  testCases.TC001_AccountRegistrationTest - Providing customer details....
01:15:24.048 [main] INFO  testCases.TC001_AccountRegistrationTest - Validation expected message...
01:15:24.078 [main] INFO  testCases.TC001_AccountRegistrationTest - ***** Finished TC001_AccountRegistrationTest *****
01:15:26.328 [main] INFO  testCases.TC002_LoginTest - ***** Starting TC_002_LoginTest *****
01:15:27.504 [main] INFO  testCases.TC002_LoginTest - ***** Finished TC_002_LoginTest *****
01:15:59.712 [main] INFO  org.testng.internal.Utils - [TestNG] Running:
  C:\Users\visha\eclipse-workspace\OpencartV121\grid-docker.xml

01:16:02.314 [main] INFO  testCases.TC001_AccountRegistrationTest - ***** Starting TC001_AccountRegistrationTest *****
01:16:02.399 [main] INFO  testCases.TC001_AccountRegistrationTest - Clicked on MyAccount Link 
01:16:02.754 [main] INFO  testCases.TC001_AccountRegistrationTest - Clicked on Register Link 
01:16:02.756 [main] INFO  testCases.TC001_AccountRegistrationTest - Providing customer details....
01:16:03.882 [main] INFO  testCases.TC001_AccountRegistrationTest - Validation expected message...
01:16:03.911 [main] INFO  testCases.TC001_AccountRegistrationTest - ***** Finished TC001_AccountRegistrationTest *****
01:16:06.196 [main] INFO  testCases.TC002_LoginTest - ***** Starting TC_002_LoginTest *****
01:16:07.278 [main] INFO  testCases.TC002_LoginTest - ***** Finished TC_002_LoginTest *****
01:17:37.555 [main] INFO  org.testng.internal.Utils - [TestNG] Running:
  C:\Users\visha\eclipse-workspace\OpencartV121\grid-docker.xml

01:17:40.566 [main] INFO  testCases.TC001_AccountRegistrationTest - ***** Starting TC001_AccountRegistrationTest *****
01:17:40.666 [main] INFO  testCases.TC001_AccountRegistrationTest - Clicked on MyAccount Link 
01:17:41.016 [main] INFO  testCases.TC001_AccountRegistrationTest - Clicked on Register Link 
01:17:41.018 [main] INFO  testCases.TC001_AccountRegistrationTest - Providing customer details....
01:17:42.043 [main] INFO  testCases.TC001_AccountRegistrationTest - Validation expected message...
01:17:42.076 [main] INFO  testCases.TC001_AccountRegistrationTest - ***** Finished TC001_AccountRegistrationTest *****
01:17:44.260 [main] INFO  testCases.TC002_LoginTest - ***** Starting TC_002_LoginTest *****
01:17:45.393 [main] INFO  testCases.TC002_LoginTest - ***** Finished TC_002_LoginTest *****
01:19:30.164 [main] INFO  org.testng.internal.Utils - [TestNG] Running:
  C:\Users\visha\eclipse-workspace\OpencartV121\grid-docker.xml

01:19:35.412 [main] INFO  testCases.TC001_AccountRegistrationTest - ***** Starting TC001_AccountRegistrationTest *****
01:19:35.694 [main] INFO  testCases.TC001_AccountRegistrationTest - Clicked on MyAccount Link 
01:19:36.115 [main] INFO  testCases.TC001_AccountRegistrationTest - Clicked on Register Link 
01:19:36.117 [main] INFO  testCases.TC001_AccountRegistrationTest - Providing customer details....
01:19:37.280 [main] INFO  testCases.TC001_AccountRegistrationTest - Validation expected message...
01:19:37.299 [main] INFO  testCases.TC001_AccountRegistrationTest - ***** Finished TC001_AccountRegistrationTest *****
01:19:41.636 [main] INFO  testCases.TC002_LoginTest - ***** Starting TC_002_LoginTest *****
01:19:42.944 [main] INFO  testCases.TC002_LoginTest - ***** Finished TC_002_LoginTest *****
01:20:09.036 [main] INFO  org.testng.internal.Utils - [TestNG] Running:
  C:\Users\visha\eclipse-workspace\OpencartV121\grid-docker.xml

01:20:13.482 [main] INFO  testCases.TC001_AccountRegistrationTest - ***** Starting TC001_AccountRegistrationTest *****
01:20:13.742 [main] INFO  testCases.TC001_AccountRegistrationTest - Clicked on MyAccount Link 
01:20:14.166 [main] INFO  testCases.TC001_AccountRegistrationTest - Clicked on Register Link 
01:20:14.171 [main] INFO  testCases.TC001_AccountRegistrationTest - Providing customer details....
01:20:15.152 [main] INFO  testCases.TC001_AccountRegistrationTest - Validation expected message...
01:20:15.170 [main] INFO  testCases.TC001_AccountRegistrationTest - ***** Finished TC001_AccountRegistrationTest *****
01:20:19.505 [main] INFO  testCases.TC002_LoginTest - ***** Starting TC_002_LoginTest *****
01:20:20.903 [main] INFO  testCases.TC002_LoginTest - ***** Finished TC_002_LoginTest *****
01:21:29.866 [main] INFO  org.testng.internal.Utils - [TestNG] Running:
  C:\Users\visha\eclipse-workspace\OpencartV121\grid-docker.xml

01:21:32.520 [main] INFO  testCases.TC001_AccountRegistrationTest - ***** Starting TC001_AccountRegistrationTest *****
01:21:32.660 [main] INFO  testCases.TC001_AccountRegistrationTest - Clicked on MyAccount Link 
01:21:33.026 [main] INFO  testCases.TC001_AccountRegistrationTest - Clicked on Register Link 
01:21:33.028 [main] INFO  testCases.TC001_AccountRegistrationTest - Providing customer details....
01:21:34.078 [main] INFO  testCases.TC001_AccountRegistrationTest - Validation expected message...
01:21:34.115 [main] INFO  testCases.TC001_AccountRegistrationTest - ***** Finished TC001_AccountRegistrationTest *****
01:21:36.329 [main] INFO  testCases.TC002_LoginTest - ***** Starting TC_002_LoginTest *****
01:21:37.470 [main] INFO  testCases.TC002_LoginTest - ***** Finished TC_002_LoginTest *****
01:21:42.563 [main] INFO  testCases.TC001_AccountRegistrationTest - ***** Starting TC001_AccountRegistrationTest *****
01:21:42.817 [main] INFO  testCases.TC001_AccountRegistrationTest - Clicked on MyAccount Link 
01:21:43.233 [main] INFO  testCases.TC001_AccountRegistrationTest - Clicked on Register Link 
01:21:43.234 [main] INFO  testCases.TC001_AccountRegistrationTest - Providing customer details....
01:21:44.235 [main] INFO  testCases.TC001_AccountRegistrationTest - Validation expected message...
01:21:44.243 [main] INFO  testCases.TC001_AccountRegistrationTest - ***** Finished TC001_AccountRegistrationTest *****
01:21:48.741 [main] INFO  testCases.TC002_LoginTest - ***** Starting TC_002_LoginTest *****
01:21:49.907 [main] INFO  testCases.TC002_LoginTest - ***** Finished TC_002_LoginTest *****
01:23:15.054 [main] INFO  org.testng.internal.Utils - [TestNG] Running:
  C:\Users\visha\eclipse-workspace\OpencartV121\grid-docker.xml

01:23:18.344 [main] INFO  testCases.TC001_AccountRegistrationTest - ***** Starting TC001_AccountRegistrationTest *****
01:23:18.475 [main] INFO  testCases.TC001_AccountRegistrationTest - Clicked on MyAccount Link 
01:23:18.892 [main] INFO  testCases.TC001_AccountRegistrationTest - Clicked on Register Link 
01:23:18.894 [main] INFO  testCases.TC001_AccountRegistrationTest - Providing customer details....
01:23:20.149 [main] INFO  testCases.TC001_AccountRegistrationTest - Validation expected message...
01:23:20.197 [main] INFO  testCases.TC001_AccountRegistrationTest - ***** Finished TC001_AccountRegistrationTest *****
01:23:21.918 [main] INFO  testCases.TC002_LoginTest - ***** Starting TC_002_LoginTest *****
01:23:23.499 [main] INFO  testCases.TC002_LoginTest - ***** Finished TC_002_LoginTest *****
01:23:29.258 [main] INFO  testCases.TC001_AccountRegistrationTest - ***** Starting TC001_AccountRegistrationTest *****
01:23:29.540 [main] INFO  testCases.TC001_AccountRegistrationTest - Clicked on MyAccount Link 
01:23:30.093 [main] INFO  testCases.TC001_AccountRegistrationTest - Clicked on Register Link 
01:23:30.093 [main] INFO  testCases.TC001_AccountRegistrationTest - Providing customer details....
01:23:31.285 [main] INFO  testCases.TC001_AccountRegistrationTest - Validation expected message...
01:23:31.321 [main] INFO  testCases.TC001_AccountRegistrationTest - ***** Finished TC001_AccountRegistrationTest *****
01:23:35.345 [main] INFO  testCases.TC002_LoginTest - ***** Starting TC_002_LoginTest *****
01:23:36.806 [main] INFO  testCases.TC002_LoginTest - ***** Finished TC_002_LoginTest *****
01:23:51.890 [main] INFO  org.testng.internal.Utils - [TestNG] Running:
  C:\Users\visha\eclipse-workspace\OpencartV121\grid-docker.xml

01:23:54.238 [main] INFO  testCases.TC001_AccountRegistrationTest - ***** Starting TC001_AccountRegistrationTest *****
01:23:54.388 [main] INFO  testCases.TC001_AccountRegistrationTest - Clicked on MyAccount Link 
01:23:54.935 [main] INFO  testCases.TC001_AccountRegistrationTest - Clicked on Register Link 
01:23:54.937 [main] INFO  testCases.TC001_AccountRegistrationTest - Providing customer details....
01:23:55.592 [main] INFO  testCases.TC001_AccountRegistrationTest - Validation expected message...
01:23:56.252 [main] INFO  testCases.TC001_AccountRegistrationTest - ***** Finished TC001_AccountRegistrationTest *****
01:23:57.959 [main] INFO  testCases.TC002_LoginTest - ***** Starting TC_002_LoginTest *****
01:23:59.415 [main] INFO  testCases.TC002_LoginTest - ***** Finished TC_002_LoginTest *****
01:24:04.384 [main] INFO  testCases.TC001_AccountRegistrationTest - ***** Starting TC001_AccountRegistrationTest *****
01:24:04.681 [main] INFO  testCases.TC001_AccountRegistrationTest - Clicked on MyAccount Link 
01:24:05.252 [main] INFO  testCases.TC001_AccountRegistrationTest - Clicked on Register Link 
01:24:05.253 [main] INFO  testCases.TC001_AccountRegistrationTest - Providing customer details....
01:24:06.521 [main] INFO  testCases.TC001_AccountRegistrationTest - Validation expected message...
01:24:06.557 [main] INFO  testCases.TC001_AccountRegistrationTest - ***** Finished TC001_AccountRegistrationTest *****
01:24:10.727 [main] INFO  testCases.TC002_LoginTest - ***** Starting TC_002_LoginTest *****
01:24:12.458 [main] INFO  testCases.TC002_LoginTest - ***** Finished TC_002_LoginTest *****
11:52:03.168 [main] INFO  testCases.TC003_LoginDDT - ***** Start TC003_LoginDDT ******
11:52:14.189 [main] INFO  testCases.TC003_LoginDDT - ***** Finished TC003_LoginDDT ******
11:52:14.209 [main] INFO  testCases.TC003_LoginDDT - ***** Start TC003_LoginDDT ******
11:52:15.683 [main] INFO  testCases.TC003_LoginDDT - ***** Finished TC003_LoginDDT ******
11:52:15.685 [main] INFO  testCases.TC003_LoginDDT - ***** Start TC003_LoginDDT ******
11:52:17.827 [main] INFO  testCases.TC003_LoginDDT - ***** Finished TC003_LoginDDT ******
11:52:17.829 [main] INFO  testCases.TC003_LoginDDT - ***** Start TC003_LoginDDT ******
11:52:28.339 [main] INFO  testCases.TC003_LoginDDT - ***** Finished TC003_LoginDDT ******
11:52:28.339 [main] INFO  testCases.TC003_LoginDDT - ***** Start TC003_LoginDDT ******
11:52:30.320 [main] INFO  testCases.TC003_LoginDDT - ***** Finished TC003_LoginDDT ******
11:52:30.321 [main] INFO  testCases.TC003_LoginDDT - ***** Start TC003_LoginDDT ******
11:52:31.949 [main] INFO  testCases.TC003_LoginDDT - ***** Finished TC003_LoginDDT ******
11:52:31.950 [main] INFO  testCases.TC003_LoginDDT - ***** Start TC003_LoginDDT ******
11:52:43.107 [main] INFO  testCases.TC003_LoginDDT - ***** Finished TC003_LoginDDT ******
11:56:51.583 [main] INFO  testCases.TC001_AccountRegistrationTest - ***** Starting TC001_AccountRegistrationTest *****
11:56:51.681 [main] INFO  testCases.TC001_AccountRegistrationTest - Clicked on MyAccount Link 
11:56:52.033 [main] INFO  testCases.TC001_AccountRegistrationTest - Clicked on Register Link 
11:56:52.035 [main] INFO  testCases.TC001_AccountRegistrationTest - Providing customer details....
11:56:53.195 [main] INFO  testCases.TC001_AccountRegistrationTest - Validation expected message...
11:56:53.231 [main] INFO  testCases.TC001_AccountRegistrationTest - ***** Finished TC001_AccountRegistrationTest *****
11:56:55.485 [main] INFO  testCases.TC002_LoginTest - ***** Starting TC_002_LoginTest *****
11:56:56.574 [main] INFO  testCases.TC002_LoginTest - ***** Finished TC_002_LoginTest *****
13:58:22.740 [main] INFO  testCases.TC001_AccountRegistrationTest - ***** Starting TC001_AccountRegistrationTest *****
13:58:22.823 [main] INFO  testCases.TC001_AccountRegistrationTest - Clicked on MyAccount Link 
13:58:23.191 [main] INFO  testCases.TC001_AccountRegistrationTest - Clicked on Register Link 
13:58:23.193 [main] INFO  testCases.TC001_AccountRegistrationTest - Providing customer details....
13:58:24.189 [main] INFO  testCases.TC001_AccountRegistrationTest - Validation expected message...
13:58:24.222 [main] INFO  testCases.TC001_AccountRegistrationTest - ***** Finished TC001_AccountRegistrationTest *****
13:58:26.943 [main] INFO  testCases.TC002_LoginTest - ***** Starting TC_002_LoginTest *****
13:58:28.353 [main] INFO  testCases.TC002_LoginTest - ***** Finished TC_002_LoginTest *****
13:59:43.561 [main] INFO  testCases.TC001_AccountRegistrationTest - ***** Starting TC001_AccountRegistrationTest *****
13:59:43.663 [main] INFO  testCases.TC001_AccountRegistrationTest - Clicked on MyAccount Link 
13:59:44.037 [main] INFO  testCases.TC001_AccountRegistrationTest - Clicked on Register Link 
13:59:44.040 [main] INFO  testCases.TC001_AccountRegistrationTest - Providing customer details....
13:59:45.073 [main] INFO  testCases.TC001_AccountRegistrationTest - Validation expected message...
13:59:45.101 [main] INFO  testCases.TC001_AccountRegistrationTest - ***** Finished TC001_AccountRegistrationTest *****
13:59:48.454 [main] INFO  testCases.TC002_LoginTest - ***** Starting TC_002_LoginTest *****
13:59:49.498 [main] INFO  testCases.TC002_LoginTest - ***** Finished TC_002_LoginTest *****
14:11:38.272 [main] INFO  testCases.TC001_AccountRegistrationTest - ***** Starting TC001_AccountRegistrationTest *****
14:11:38.372 [main] INFO  testCases.TC001_AccountRegistrationTest - Clicked on MyAccount Link 
14:11:38.747 [main] INFO  testCases.TC001_AccountRegistrationTest - Clicked on Register Link 
14:11:38.750 [main] INFO  testCases.TC001_AccountRegistrationTest - Providing customer details....
14:11:39.759 [main] INFO  testCases.TC001_AccountRegistrationTest - Validation expected message...
14:11:39.787 [main] INFO  testCases.TC001_AccountRegistrationTest - ***** Finished TC001_AccountRegistrationTest *****
14:11:42.177 [main] INFO  testCases.TC002_LoginTest - ***** Starting TC_002_LoginTest *****
14:11:43.315 [main] INFO  testCases.TC002_LoginTest - ***** Finished TC_002_LoginTest *****
14:15:13.706 [main] INFO  testCases.TC001_AccountRegistrationTest - ***** Starting TC001_AccountRegistrationTest *****
14:15:13.789 [main] INFO  testCases.TC001_AccountRegistrationTest - Clicked on MyAccount Link 
14:15:14.216 [main] INFO  testCases.TC001_AccountRegistrationTest - Clicked on Register Link 
14:15:14.218 [main] INFO  testCases.TC001_AccountRegistrationTest - Providing customer details....
14:15:15.291 [main] INFO  testCases.TC001_AccountRegistrationTest - Validation expected message...
14:15:15.320 [main] INFO  testCases.TC001_AccountRegistrationTest - ***** Finished TC001_AccountRegistrationTest *****
14:15:17.827 [main] INFO  testCases.TC002_LoginTest - ***** Starting TC_002_LoginTest *****
14:15:18.919 [main] INFO  testCases.TC002_LoginTest - ***** Finished TC_002_LoginTest *****
14:17:36.937 [main] INFO  testCases.TC001_AccountRegistrationTest - ***** Starting TC001_AccountRegistrationTest *****
14:17:37.014 [main] INFO  testCases.TC001_AccountRegistrationTest - Clicked on MyAccount Link 
14:17:37.435 [main] INFO  testCases.TC001_AccountRegistrationTest - Clicked on Register Link 
14:17:37.436 [main] INFO  testCases.TC001_AccountRegistrationTest - Providing customer details....
14:17:38.770 [main] INFO  testCases.TC001_AccountRegistrationTest - Validation expected message...
14:17:38.796 [main] INFO  testCases.TC001_AccountRegistrationTest - ***** Finished TC001_AccountRegistrationTest *****
14:17:41.231 [main] INFO  testCases.TC002_LoginTest - ***** Starting TC_002_LoginTest *****
14:17:42.386 [main] INFO  testCases.TC002_LoginTest - ***** Finished TC_002_LoginTest *****
14:19:07.898 [main] INFO  testCases.TC001_AccountRegistrationTest - ***** Starting TC001_AccountRegistrationTest *****
14:19:07.991 [main] INFO  testCases.TC001_AccountRegistrationTest - Clicked on MyAccount Link 
14:19:08.358 [main] INFO  testCases.TC001_AccountRegistrationTest - Clicked on Register Link 
14:19:08.360 [main] INFO  testCases.TC001_AccountRegistrationTest - Providing customer details....
14:19:10.506 [main] INFO  testCases.TC001_AccountRegistrationTest - Validation expected message...
14:19:10.527 [main] INFO  testCases.TC001_AccountRegistrationTest - ***** Finished TC001_AccountRegistrationTest *****
14:19:13.205 [main] INFO  testCases.TC002_LoginTest - ***** Starting TC_002_LoginTest *****
14:19:14.273 [main] INFO  testCases.TC002_LoginTest - ***** Finished TC_002_LoginTest *****
14:20:35.499 [main] INFO  testCases.TC001_AccountRegistrationTest - ***** Starting TC001_AccountRegistrationTest *****
14:20:35.588 [main] INFO  testCases.TC001_AccountRegistrationTest - Clicked on MyAccount Link 
14:20:36.282 [main] INFO  testCases.TC001_AccountRegistrationTest - Clicked on Register Link 
14:20:36.284 [main] INFO  testCases.TC001_AccountRegistrationTest - Providing customer details....
14:20:37.302 [main] INFO  testCases.TC001_AccountRegistrationTest - Validation expected message...
14:20:37.333 [main] INFO  testCases.TC001_AccountRegistrationTest - ***** Finished TC001_AccountRegistrationTest *****
14:20:41.009 [main] INFO  testCases.TC002_LoginTest - ***** Starting TC_002_LoginTest *****
14:20:42.076 [main] INFO  testCases.TC002_LoginTest - ***** Finished TC_002_LoginTest *****
14:20:53.964 [main] INFO  testCases.TC001_AccountRegistrationTest - ***** Starting TC001_AccountRegistrationTest *****
14:20:54.063 [main] INFO  testCases.TC001_AccountRegistrationTest - Clicked on MyAccount Link 
14:20:54.417 [main] INFO  testCases.TC001_AccountRegistrationTest - Clicked on Register Link 
14:20:54.419 [main] INFO  testCases.TC001_AccountRegistrationTest - Providing customer details....
14:20:55.475 [main] INFO  testCases.TC001_AccountRegistrationTest - Validation expected message...
14:20:55.497 [main] INFO  testCases.TC001_AccountRegistrationTest - ***** Finished TC001_AccountRegistrationTest *****
14:20:58.481 [main] INFO  testCases.TC002_LoginTest - ***** Starting TC_002_LoginTest *****
14:20:59.612 [main] INFO  testCases.TC002_LoginTest - ***** Finished TC_002_LoginTest *****
14:58:40.999 [main] INFO  testCases.TC001_AccountRegistrationTest - ***** Starting TC001_AccountRegistrationTest *****
14:58:41.079 [main] INFO  testCases.TC001_AccountRegistrationTest - Clicked on MyAccount Link 
14:58:41.450 [main] INFO  testCases.TC001_AccountRegistrationTest - Clicked on Register Link 
14:58:41.452 [main] INFO  testCases.TC001_AccountRegistrationTest - Providing customer details....
14:58:42.465 [main] INFO  testCases.TC001_AccountRegistrationTest - Validation expected message...
14:58:42.493 [main] INFO  testCases.TC001_AccountRegistrationTest - ***** Finished TC001_AccountRegistrationTest *****
14:58:45.089 [main] INFO  testCases.TC002_LoginTest - ***** Starting TC_002_LoginTest *****
14:58:46.151 [main] INFO  testCases.TC002_LoginTest - ***** Finished TC_002_LoginTest *****
15:01:56.991 [main] WARN  org.testng.TestNG - Ignoring duplicate listener : utilities.ExtentReportManager
15:02:00.298 [main] INFO  testCases.TC001_AccountRegistrationTest - ***** Starting TC001_AccountRegistrationTest *****
15:02:00.384 [main] INFO  testCases.TC001_AccountRegistrationTest - Clicked on MyAccount Link 
15:02:00.715 [main] INFO  testCases.TC001_AccountRegistrationTest - Clicked on Register Link 
15:02:00.717 [main] INFO  testCases.TC001_AccountRegistrationTest - Providing customer details....
15:02:01.847 [main] INFO  testCases.TC001_AccountRegistrationTest - Validation expected message...
15:02:01.880 [main] INFO  testCases.TC001_AccountRegistrationTest - ***** Finished TC001_AccountRegistrationTest *****
15:02:04.273 [main] INFO  testCases.TC002_LoginTest - ***** Starting TC_002_LoginTest *****
15:02:05.346 [main] INFO  testCases.TC002_LoginTest - ***** Finished TC_002_LoginTest *****
15:02:08.603 [main] INFO  testCases.TC001_AccountRegistrationTest - ***** Starting TC001_AccountRegistrationTest *****
15:02:08.679 [main] INFO  testCases.TC001_AccountRegistrationTest - Clicked on MyAccount Link 
15:02:09.012 [main] INFO  testCases.TC001_AccountRegistrationTest - Clicked on Register Link 
15:02:09.012 [main] INFO  testCases.TC001_AccountRegistrationTest - Providing customer details....
15:02:10.025 [main] INFO  testCases.TC001_AccountRegistrationTest - Validation expected message...
15:02:10.055 [main] INFO  testCases.TC001_AccountRegistrationTest - ***** Finished TC001_AccountRegistrationTest *****
15:02:12.852 [main] INFO  testCases.TC002_LoginTest - ***** Starting TC_002_LoginTest *****
15:02:13.890 [main] INFO  testCases.TC002_LoginTest - ***** Finished TC_002_LoginTest *****
15:18:59.184 [main] WARN  org.testng.TestNG - Ignoring duplicate listener : utilities.ExtentReportManager
15:19:02.369 [main] INFO  testCases.TC001_AccountRegistrationTest - ***** Starting TC001_AccountRegistrationTest *****
15:19:02.454 [main] INFO  testCases.TC001_AccountRegistrationTest - Clicked on MyAccount Link 
15:19:02.805 [main] INFO  testCases.TC001_AccountRegistrationTest - Clicked on Register Link 
15:19:02.806 [main] INFO  testCases.TC001_AccountRegistrationTest - Providing customer details....
15:19:03.863 [main] INFO  testCases.TC001_AccountRegistrationTest - Validation expected message...
15:19:03.893 [main] INFO  testCases.TC001_AccountRegistrationTest - ***** Finished TC001_AccountRegistrationTest *****
15:19:06.494 [main] INFO  testCases.TC002_LoginTest - ***** Starting TC_002_LoginTest *****
15:19:07.610 [main] INFO  testCases.TC002_LoginTest - ***** Finished TC_002_LoginTest *****
15:19:10.880 [main] INFO  testCases.TC001_AccountRegistrationTest - ***** Starting TC001_AccountRegistrationTest *****
15:19:10.958 [main] INFO  testCases.TC001_AccountRegistrationTest - Clicked on MyAccount Link 
15:19:11.300 [main] INFO  testCases.TC001_AccountRegistrationTest - Clicked on Register Link 
15:19:11.300 [main] INFO  testCases.TC001_AccountRegistrationTest - Providing customer details....
15:19:12.562 [main] INFO  testCases.TC001_AccountRegistrationTest - Validation expected message...
15:19:12.588 [main] INFO  testCases.TC001_AccountRegistrationTest - ***** Finished TC001_AccountRegistrationTest *****
15:19:15.010 [main] INFO  testCases.TC002_LoginTest - ***** Starting TC_002_LoginTest *****
15:19:16.166 [main] INFO  testCases.TC002_LoginTest - ***** Finished TC_002_LoginTest *****
15:25:39.956 [main] WARN  org.testng.TestNG - Ignoring duplicate listener : utilities.ExtentReportManager
15:25:43.107 [main] INFO  testCases.TC001_AccountRegistrationTest - ***** Starting TC001_AccountRegistrationTest *****
15:25:43.191 [main] INFO  testCases.TC001_AccountRegistrationTest - Clicked on MyAccount Link 
15:25:43.545 [main] INFO  testCases.TC001_AccountRegistrationTest - Clicked on Register Link 
15:25:43.547 [main] INFO  testCases.TC001_AccountRegistrationTest - Providing customer details....
15:25:44.533 [main] INFO  testCases.TC001_AccountRegistrationTest - Validation expected message...
15:25:44.568 [main] INFO  testCases.TC001_AccountRegistrationTest - ***** Finished TC001_AccountRegistrationTest *****
15:25:46.841 [main] INFO  testCases.TC002_LoginTest - ***** Starting TC_002_LoginTest *****
15:25:48.206 [main] INFO  testCases.TC002_LoginTest - ***** Finished TC_002_LoginTest *****
15:25:51.383 [main] INFO  testCases.TC001_AccountRegistrationTest - ***** Starting TC001_AccountRegistrationTest *****
15:25:51.450 [main] INFO  testCases.TC001_AccountRegistrationTest - Clicked on MyAccount Link 
15:25:51.801 [main] INFO  testCases.TC001_AccountRegistrationTest - Clicked on Register Link 
15:25:51.802 [main] INFO  testCases.TC001_AccountRegistrationTest - Providing customer details....
15:25:52.851 [main] INFO  testCases.TC001_AccountRegistrationTest - Validation expected message...
15:25:52.881 [main] INFO  testCases.TC001_AccountRegistrationTest - ***** Finished TC001_AccountRegistrationTest *****
15:25:55.220 [main] INFO  testCases.TC002_LoginTest - ***** Starting TC_002_LoginTest *****
15:25:56.627 [main] INFO  testCases.TC002_LoginTest - ***** Finished TC_002_LoginTest *****
